[debug] [2026-06-27T22:31:36.399Z] ----------------------------------------------------------------------
[debug] [2026-06-27T22:31:36.403Z] Command:       C:\Program Files\nodejs\node.exe C:\Users\mokas\AppData\Roaming\npm\node_modules\firebase-tools\lib\bin\firebase.js deploy --only hosting firestore
[debug] [2026-06-27T22:31:36.404Z] CLI Version:   15.21.0
[debug] [2026-06-27T22:31:36.404Z] Platform:      win32
[debug] [2026-06-27T22:31:36.404Z] Node Version:  v24.15.0
[debug] [2026-06-27T22:31:36.404Z] Detected Agent: antigravity
[debug] [2026-06-27T22:31:36.404Z] Time:          Sun Jun 28 2026 01:31:36 GMT+0300 (توقيت شرق أوروبا الصيفي)
[debug] [2026-06-27T22:31:36.404Z] ----------------------------------------------------------------------
[debug] 
[debug] [2026-06-27T22:31:39.946Z] > command requires scopes: ["email","openid","https://www.googleapis.com/auth/cloudplatformprojects.readonly","https://www.googleapis.com/auth/firebase","https://www.googleapis.com/auth/cloud-platform"]
[debug] [2026-06-27T22:31:39.946Z] > authorizing via signed-in user (mohamed.okash1998@gmail.com)
[debug] [2026-06-27T22:31:39.946Z] [iam] checking project wasla-link for permissions ["datastore.indexes.create","datastore.indexes.delete","datastore.indexes.list","datastore.indexes.update","firebase.projects.get","firebasehosting.sites.update"]
[debug] [2026-06-27T22:31:39.948Z] Checked if tokens are valid: true, expires at: 1782602202849
[debug] [2026-06-27T22:31:39.948Z] Checked if tokens are valid: true, expires at: 1782602202849
[debug] [2026-06-27T22:31:39.949Z] >>> [apiv2][query] POST https://cloudresourcemanager.googleapis.com/v1/projects/wasla-link:testIamPermissions [none]
[debug] [2026-06-27T22:31:39.949Z] >>> [apiv2][(partial)header] POST https://cloudresourcemanager.googleapis.com/v1/projects/wasla-link:testIamPermissions  x-goog-user-project=wasla-link
[debug] [2026-06-27T22:31:39.949Z] >>> [apiv2][body] POST https://cloudresourcemanager.googleapis.com/v1/projects/wasla-link:testIamPermissions {"permissions":["datastore.indexes.create","datastore.indexes.delete","datastore.indexes.list","datastore.indexes.update","firebase.projects.get","firebasehosting.sites.update"]}
[debug] [2026-06-27T22:31:51.767Z] <<< [apiv2][status] POST https://cloudresourcemanager.googleapis.com/v1/projects/wasla-link:testIamPermissions 200
[debug] [2026-06-27T22:31:51.767Z] <<< [apiv2][body] POST https://cloudresourcemanager.googleapis.com/v1/projects/wasla-link:testIamPermissions {"permissions":["datastore.indexes.create","datastore.indexes.delete","datastore.indexes.list","datastore.indexes.update","firebase.projects.get","firebasehosting.sites.update"]}
[debug] [2026-06-27T22:31:51.768Z] Checked if tokens are valid: true, expires at: 1782602202849
[debug] [2026-06-27T22:31:51.768Z] Checked if tokens are valid: true, expires at: 1782602202849
[debug] [2026-06-27T22:31:51.769Z] >>> [apiv2][query] GET https://firebase.googleapis.com/v1beta1/projects/wasla-link [none]
[debug] [2026-06-27T22:31:52.525Z] <<< [apiv2][status] GET https://firebase.googleapis.com/v1beta1/projects/wasla-link 200
[debug] [2026-06-27T22:31:52.525Z] <<< [apiv2][body] GET https://firebase.googleapis.com/v1beta1/projects/wasla-link {"projectId":"wasla-link","projectNumber":"678233300615","displayName":"wasla link","name":"projects/wasla-link","resources":{"hostingSite":"wasla-link"},"state":"ACTIVE","etag":"1_581f5b2f-be21-48df-96bb-643e3e118f31"}
[info] 
[info] === Deploying to 'wasla-link'...
[info] 
[info] i  deploying firestore, hosting 
[info] i  firestore: ensuring required API firestore.googleapis.com is enabled... 
[info] i  firestore: ensuring required API firestore.googleapis.com is enabled... 
[debug] [2026-06-27T22:31:52.534Z] Checked if tokens are valid: true, expires at: 1782602202849
[debug] [2026-06-27T22:31:52.535Z] Checked if tokens are valid: true, expires at: 1782602202849
[debug] [2026-06-27T22:31:52.535Z] >>> [apiv2][query] GET https://firestore.googleapis.com/v1/projects/wasla-link/databases/(default) [none]
[debug] [2026-06-27T22:32:03.688Z] *** [apiv2] error from fetch(https://firestore.googleapis.com/v1/projects/wasla-link/databases/(default), {"headers":{},"method":"GET"}): FetchError: request to https://firestore.googleapis.com/v1/projects/wasla-link/databases/(default) failed, reason: getaddrinfo ENOTFOUND firestore.googleapis.com
[info] i  firestore: reading indexes from firestore.indexes.json... 
[info] i  cloud.firestore: checking firestore.rules for compilation errors... 
[debug] [2026-06-27T22:32:03.695Z] Checked if tokens are valid: true, expires at: 1782602202849
[debug] [2026-06-27T22:32:03.695Z] Checked if tokens are valid: true, expires at: 1782602202849
[debug] [2026-06-27T22:32:03.696Z] >>> [apiv2][query] POST https://firebaserules.googleapis.com/v1/projects/wasla-link:test [none]
[debug] [2026-06-27T22:32:03.696Z] >>> [apiv2][body] POST https://firebaserules.googleapis.com/v1/projects/wasla-link:test [omitted]
[debug] [2026-06-27T22:32:14.878Z] *** [apiv2] error from fetch(https://firebaserules.googleapis.com/v1/projects/wasla-link:test, {"headers":{},"method":"POST","body":"{\"source\":{\"files\":[{\"name\":\"firestore.rules\",\"content\":\"rules_version = '2';\\nservice cloud.firestore {\\n  match /databases/{database}/documents {\\n    \\n    // Auth & Role Helpers\\n    function signedIn() {\\n      return request.auth != null;\\n    }\\n    \\n    function isOwner(userId) {\\n      return signedIn() && request.auth.uid == userId;\\n    }\\n    \\n    function getUserData() {\\n      return get(/databases/$(database)/documents/users/$(request.auth.uid)).data;\\n    }\\n    \\n    function hasRole(role) {\\n      return signedIn() && getUserData().role == role;\\n    }\\n    \\n    function isAdmin() {\\n      return hasRole('admin');\\n    }\\n    \\n    function isVendor() {\\n      return hasRole('vendor');\\n    }\\n    \\n    function isDriver() {\\n      return hasRole('driver');\\n    }\\n\\n    // --- COLLECTION RULES ---\\n\\n    // 1. users Collection\\n    match /users/{userId} {\\n      allow create: if signedIn() && request.auth.uid == userId;\\n      allow read: if isOwner(userId) || isAdmin();\\n      allow update: if isOwner(userId) || isAdmin();\\n      allow delete: if isAdmin();\\n    }\\n\\n    // 2. stores Collection\\n    match /stores/{storeId} {\\n      allow read: if true; // Publicly readable for customers to browse stores\\n      allow create: if isAdmin() || (isVendor() && request.resource.data.vendorId == request.auth.uid);\\n      allow update: if isAdmin() || (isVendor() && resource.data.vendorId == request.auth.uid);\\n      allow delete: if isAdmin();\\n    }\\n\\n    // 3. products Collection\\n    match /products/{productId} {\\n      allow read: if true; // Publicly readable for browsing catalog\\n      allow create: if isAdmin() || (isVendor() && get(/databases/$(database)/documents/stores/$(request.resource.data.storeId)).data.vendorId == request.auth.uid);\\n      allow update: if isAdmin() || (isVendor() && get(/databases/$(database)/documents/stores/$(resource.data.storeId)).data.vendorId == request.auth.uid && request.resource.data.storeId == resource.data.storeId);\\n      allow delete: if isAdmin() || (isVendor() && get(/databases/$(database)/documents/stores/$(resource.data.storeId)).data.vendorId == request.auth.uid);\\n    }\\n\\n    // 4. categories Collection\\n    match /categories/{catId} {\\n      allow read: if true;\\n      allow write: if isAdmin();\\n    }\\n\\n    // 5. banners Collection\\n    match /banners/{bannerId} {\\n      allow read: if true;\\n      allow write: if isAdmin();\\n    }\\n\\n    // 6. orders Collection\\n    match /orders/{orderId} {\\n      allow create: if signedIn() && request.resource.data.customerId == request.auth.uid;\\n      allow read: if isAdmin()\\n  || (signedIn() && resource.data.customerId == request.auth.uid)\\n  || (\\n    signedIn() &&\\n    get(/databases/$(database)/documents/stores/$(resource.data.shopId))\\n      .data.vendorId == request.auth.uid\\n  )\\n  || (\\n    isDriver() &&\\n    resource.data.driverId == request.auth.uid\\n  );\\n      allow update: if isAdmin()\\n                  || (signedIn() && resource.data.customerId == request.auth.uid && request.resource.data.status == 'cancelled')\\n                  || (signedIn() && get(/databases/$(database)/documents/stores/$(resource.data.shopId)).data.vendorId == request.auth.uid)\\n                  || (isDriver() && (resource.data.status == 'new' || resource.data.driverId == request.auth.uid));\\n      allow delete: if isAdmin();\\n    }\\n\\n    // 7. notifications Collection\\n    match /notifications/{notifId} {\\n      allow create: if signedIn();\\n      allow read, update, delete: if signedIn() && resource.data.userId == request.auth.uid;\\n    }\\n\\n    // 8. reviews Collection\\n    match /reviews/{reviewId} {\\n      allow read: if true;\\n      allow create: if signedIn() && request.resource.data.customerId == request.auth.uid;\\n      allow update: if isAdmin();\\n      allow delete: if isAdmin();\\n    }\\n\\n    // 9. drivers Collection\\n    match /drivers/{driverId} {\\n      allow read: if true;\\n      allow create: if signedIn() && request.auth.uid == driverId;\\n      allow update: if isAdmin() || (signedIn() && isOwner(driverId));\\n      allow delete: if isAdmin();\\n    }\\n    \\n    // 9.1 driverLocations Collection\\n    match /driverLocations/{driverId} {\\n      allow read: if signedIn();\\n      allow write: if isOwner(driverId) || isAdmin();\\n    }\\n    \\n    // 9.2 driverLocationHistory Collection\\n    match /driverLocationHistory/{driverId}/points/{pointId} {\\n      allow read: if isOwner(driverId) || isAdmin();\\n      allow create: if isOwner(driverId);\\n      allow update, delete: if isAdmin();\\n    }\\n\\n    // 10. driverMetrics Collection\\n    match /driverMetrics/{metricId} {\\n      allow read: if true;\\n      allow write: if isAdmin();\\n    }\\n\\n    // 11. walletTransactions Collection\\n    match /walletTransactions/{transId} {\\n      allow read: if isAdmin()\\n  || resource.data.userId == request.auth.uid;\\n      allow write: if isAdmin();\\n    }\\n\\n    // 12. walletSettlements Collection\\n    match /walletSettlements/{settleId} {\\n      allow read: if signedIn();\\n      allow create: if isVendor() && request.resource.data.storeId == getUserData().storeId;\\n      allow update: if isAdmin();\\n      allow delete: if isAdmin();\\n    }\\n\\n    // 13. returnRequests / refundRequests / replacementRequests Collections\\n    match /returnRequests/{reqId} {\\n      allow create: if signedIn() && request.resource.data.customerId == request.auth.uid;\\n      allow read: if isAdmin()\\n  || resource.data.customerId == request.auth.uid\\n  || get(\\n       /databases/$(database)/documents/stores/$(resource.data.storeId)\\n     ).data.vendorId == request.auth.uid;\\n      allow update: if isAdmin() \\n                  || (signedIn() && get(/databases/$(database)/documents/stores/$(resource.data.storeId)).data.vendorId == request.auth.uid);\\n      allow delete: if isAdmin();\\n    }\\n    match /refundRequests/{reqId} {\\n      allow create: if signedIn() && request.resource.data.customerId == request.auth.uid;\\n      allow read: if isAdmin()\\n  || resource.data.customerId == request.auth.uid\\n  || get(\\n       /databases/$(database)/documents/stores/$(resource.data.storeId)\\n     ).data.vendorId == request.auth.uid;\\n      allow update: if isAdmin() \\n                  || (signedIn() && get(/databases/$(database)/documents/stores/$(resource.data.storeId)).data.vendorId == request.auth.uid);\\n      allow delete: if isAdmin();\\n    }\\n    match /replacementRequests/{reqId} {\\n      allow create: if signedIn() && request.resource.data.customerId == request.auth.uid;\\n      allow read: if isAdmin()\\n  || resource.data.customerId == request.auth.uid\\n  || get(\\n       /databases/$(database)/documents/stores/$(resource.data.storeId)\\n     ).data.vendorId == request.auth.uid;\\n      allow update: if isAdmin() \\n                  || (signedIn() && get(/databases/$(database)/documents/stores/$(resource.data.storeId)).data.vendorId == request.auth.uid);\\n      allow delete: if isAdmin();\\n    }\\n\\n    // 14. coupons Collection\\n    match /coupons/{couponId} {\\n      allow read: if true;\\n      allow write: if isAdmin();\\n    }\\n\\n    // 15. campaigns Collection\\n    match /campaigns/{campaignId} {\\n      allow read: if true;\\n      allow write: if isAdmin();\\n    }\\n\\n    // 16. deliveryZones Collection\\n    match /deliveryZones/{zoneId} {\\n      allow read: if true;\\n      allow write: if isAdmin();\\n    }\\n\\n    // 17. businessHours Collection\\n    match /businessHours/{hoursId} {\\n      allow read: if true;\\n      allow create: if isAdmin()\\n  || (\\n    isVendor()\\n    && get(\\n         /databases/$(database)/documents/stores/$(request.resource.data.storeId)\\n       ).data.vendorId == request.auth.uid\\n  );\\n\\n      allow update: if isAdmin()\\n  || (\\n    isVendor()\\n    && get(\\n         /databases/$(database)/documents/stores/$(resource.data.storeId)\\n       ).data.vendorId == request.auth.uid\\n  );\\n\\n      allow delete: if isAdmin();\\n    }\\n\\n    // 18. invoices Collection\\n    match /invoices/{invoiceId} {\\n      allow read: if isAdmin() \\n                  || (signedIn() && resource.data.customerId == request.auth.uid)\\n                  || (signedIn() && get(/databases/$(database)/documents/stores/$(resource.data.storeId)).data.vendorId == request.auth.uid);\\n      allow write: if isAdmin();\\n    }\\n\\n    // 19. platformMetrics Collection\\n    match /platformMetrics/{metricId} {\\n      allow read, write: if isAdmin();\\n    }\\n\\n    // 20. productTemplates Collection\\n    match /productTemplates/{templateId} {\\n      allow read: if true;\\n      allow write: if isAdmin();\\n    }\\n\\n    // 21. assets Collection\\n    match /assets/{assetId} {\\n      allow read: if true;\\n      allow create: if signedIn();\\n\\n      allow update: if isAdmin()\\n  || resource.data.ownerId == request.auth.uid;\\n\\n      allow delete: if isAdmin();\\n    }\\n\\n    // 22. stockMovements\\n    match /stockMovements/{movementId} {\\n      allow read: if true;\\n      allow write: if isAdmin() || isVendor();\\n    }\\n\\n    // 23. config & adminSettings\\n    match /config/{document=**} {\\n      allow read: if true;\\n      allow write: if isAdmin();\\n    }\\n    match /adminSettings/{document=**} {\\n      allow read, write: if isAdmin();\\n    }\\n\\n    // 24. analytics & brands (global)\\n    match /analytics/{docId} {\\n      allow read, write: if isAdmin();\\n    }\\n    match /brands/{brandId} {\\n      allow read: if true;\\n      allow write: if isAdmin();\\n    }\\n\\n    // 25. Vendor specific catalog\\n    match /vendorCategories/{categoryId} {\\n      allow read: if true;\\n\\n      allow create, update, delete:\\n        if isVendor()\\n        && request.resource.data.storeId == getUserData().storeId;\\n    }\\n    match /vendorSubCategories/{subCatId} {\\n      allow read: if true;\\n      allow write: if isAdmin() || (isVendor() && request.resource.data.storeId == getUserData().storeId);\\n    }\\n    match /vendorBrands/{brandId} {\\n      allow read: if true;\\n      allow write: if isAdmin() || (isVendor() && request.resource.data.storeId == getUserData().storeId);\\n    }\\n    \\n    match /offers/{offerId} {\\n      allow read: if true;\\n\\n      allow create, update, delete:\\n        if isAdmin()\\n        || (\\n          isVendor()\\n          && request.resource.data.storeId == getUserData().storeId\\n        );\\n    }\\n    \\n    // 26. driverRequests Collection\\n    match /driverRequests/{requestId} {\\n      allow read: if isAdmin() || (signedIn() && resource.data.userId == request.auth.uid);\\n      allow create: if signedIn() && request.resource.data.userId == request.auth.uid;\\n      allow update: if isAdmin();\\n      allow delete: if isAdmin();\\n    }\\n\\n    // 27. referrals Collection\\n    match /referrals/{referralId} {\\n      allow read: if isAdmin() || (signedIn() && (resource.data.referrerId == request.auth.uid || resource.data.referredId == request.auth.uid));\\n      allow create: if signedIn();\\n      allow update: if isAdmin();\\n      allow delete: if isAdmin();\\n    }\\n\\n    // 28. pointsHistory Collection\\n    match /pointsHistory/{historyId} {\\n      allow read: if isAdmin() || (signedIn() && resource.data.userId == request.auth.uid);\\n      allow create: if isAdmin() || signedIn();\\n      allow update, delete: if isAdmin();\\n    }\\n    // 29. carts Collection\\n    match /carts/{cartId} {\\n      allow read, write: if signedIn() && request.auth.uid == cartId;\\n    }\\n\\n    // 30. securityLogs Collection\\n    match /securityLogs/{logId} {\\n      allow read, write: if isAdmin();\\n    }\\n    // 31. Financial Ledger Collections\\n    match /platformTransactions/{txId} {\\n      allow read, write: if isAdmin();\\n    }\\n    match /vendorTransactions/{txId} {\\n      allow read: if isAdmin() || (isVendor() && resource.data.vendorId == request.auth.uid);\\n      allow write: if isAdmin();\\n    }\\n    match /driverTransactions/{txId} {\\n      allow read: if isAdmin() || (isDriver() && resource.data.driverId == request.auth.uid);\\n      allow write: if isAdmin();\\n    }\\n    match /settlementRequests/{reqId} {\\n      allow read: if isAdmin() || (signedIn() && resource.data.userId == request.auth.uid);\\n      allow create: if signedIn();\\n      allow update, delete: if isAdmin();\\n    }\\n    match /platformSettings/{docId} {\\n      allow read: if true;\\n      allow write: if isAdmin();\\n    }\\n    // 32. Vendor and Driver Wallets\\n    match /payments/{paymentId} {\\n      allow read, write: if isAuthenticated();\\n    }\\n    match /refundRequests/{refundId} {\\n      allow read, write: if isAuthenticated();\\n    }\\n    match /paymentLogs/{logId} {\\n      allow read, write: if isAuthenticated();\\n    }\\n\\n    match /vendorWallets/{walletId} {\\n      allow read: if isAdmin() || (isVendor() && walletId == request.auth.uid);\\n      allow write: if isAdmin();\\n    }\\n    match /driverWallets/{walletId} {\\n      allow read: if isAdmin() || (isDriver() && walletId == request.auth.uid);\\n      allow write: if isAdmin();\\n    }\\n  }\\n}\\n\"}]}}"}): FetchError: request to https://firebaserules.googleapis.com/v1/projects/wasla-link:test failed, reason: getaddrinfo ENOTFOUND firebaserules.googleapis.com
[debug] [2026-06-27T22:32:19.897Z] Error: Timed out.
    at Timeout._onTimeout (C:\Users\mokas\AppData\Roaming\npm\node_modules\firebase-tools\lib\utils.js:313:49)
    at listOnTimeout (node:internal/timers:605:17)
    at process.processTimers (node:internal/timers:541:7)
[error] 
[error] Error: An unexpected error has occurred.
[debug] [2026-06-27T22:32:31.237Z] ----------------------------------------------------------------------
[debug] [2026-06-27T22:32:31.240Z] Command:       C:\Program Files\nodejs\node.exe C:\Users\mokas\AppData\Roaming\npm\node_modules\firebase-tools\lib\bin\firebase.js deploy --only hosting
[debug] [2026-06-27T22:32:31.240Z] CLI Version:   15.21.0
[debug] [2026-06-27T22:32:31.240Z] Platform:      win32
[debug] [2026-06-27T22:32:31.240Z] Node Version:  v24.15.0
[debug] [2026-06-27T22:32:31.240Z] Detected Agent: antigravity
[debug] [2026-06-27T22:32:31.241Z] Time:          Sun Jun 28 2026 01:32:31 GMT+0300 (توقيت شرق أوروبا الصيفي)
[debug] [2026-06-27T22:32:31.241Z] ----------------------------------------------------------------------
[debug] 
[debug] [2026-06-27T22:32:33.622Z] > command requires scopes: ["email","openid","https://www.googleapis.com/auth/cloudplatformprojects.readonly","https://www.googleapis.com/auth/firebase","https://www.googleapis.com/auth/cloud-platform"]
[debug] [2026-06-27T22:32:33.623Z] > authorizing via signed-in user (mohamed.okash1998@gmail.com)
[debug] [2026-06-27T22:32:33.623Z] [iam] checking project wasla-link for permissions ["firebase.projects.get","firebasehosting.sites.update"]
[debug] [2026-06-27T22:32:33.625Z] Checked if tokens are valid: true, expires at: 1782602202849
[debug] [2026-06-27T22:32:33.625Z] Checked if tokens are valid: true, expires at: 1782602202849
[debug] [2026-06-27T22:32:33.626Z] >>> [apiv2][query] POST https://cloudresourcemanager.googleapis.com/v1/projects/wasla-link:testIamPermissions [none]
[debug] [2026-06-27T22:32:33.626Z] >>> [apiv2][(partial)header] POST https://cloudresourcemanager.googleapis.com/v1/projects/wasla-link:testIamPermissions  x-goog-user-project=wasla-link
[debug] [2026-06-27T22:32:33.626Z] >>> [apiv2][body] POST https://cloudresourcemanager.googleapis.com/v1/projects/wasla-link:testIamPermissions {"permissions":["firebase.projects.get","firebasehosting.sites.update"]}
[debug] [2026-06-27T22:32:44.023Z] <<< [apiv2][status] POST https://cloudresourcemanager.googleapis.com/v1/projects/wasla-link:testIamPermissions 200
[debug] [2026-06-27T22:32:44.024Z] <<< [apiv2][body] POST https://cloudresourcemanager.googleapis.com/v1/projects/wasla-link:testIamPermissions {"permissions":["firebase.projects.get","firebasehosting.sites.update"]}
[debug] [2026-06-27T22:32:44.026Z] Checked if tokens are valid: true, expires at: 1782602202849
[debug] [2026-06-27T22:32:44.026Z] Checked if tokens are valid: true, expires at: 1782602202849
[debug] [2026-06-27T22:32:44.026Z] >>> [apiv2][query] GET https://firebase.googleapis.com/v1beta1/projects/wasla-link [none]
[debug] [2026-06-27T22:32:48.159Z] <<< [apiv2][status] GET https://firebase.googleapis.com/v1beta1/projects/wasla-link 200
[debug] [2026-06-27T22:32:48.159Z] <<< [apiv2][body] GET https://firebase.googleapis.com/v1beta1/projects/wasla-link {"projectId":"wasla-link","projectNumber":"678233300615","displayName":"wasla link","name":"projects/wasla-link","resources":{"hostingSite":"wasla-link"},"state":"ACTIVE","etag":"1_581f5b2f-be21-48df-96bb-643e3e118f31"}
[info] 
[info] === Deploying to 'wasla-link'...
[info] 
[info] i  deploying hosting 
[debug] [2026-06-27T22:32:48.164Z] Checked if tokens are valid: true, expires at: 1782602202849
[debug] [2026-06-27T22:32:48.165Z] Checked if tokens are valid: true, expires at: 1782602202849
[debug] [2026-06-27T22:32:48.166Z] >>> [apiv2][query] GET https://firebasehosting.googleapis.com/v1beta1/projects/wasla-link/sites/wasla-link [none]
[debug] [2026-06-27T22:32:48.172Z] *** [apiv2] error from fetch(https://firebasehosting.googleapis.com/v1beta1/projects/wasla-link/sites/wasla-link, {"headers":{},"method":"GET"}): FetchError: request to https://firebasehosting.googleapis.com/v1beta1/projects/wasla-link/sites/wasla-link failed, reason: getaddrinfo ENOTFOUND firebasehosting.googleapis.com
[debug] [2026-06-27T22:32:53.190Z] Error: Timed out.
    at Timeout._onTimeout (C:\Users\mokas\AppData\Roaming\npm\node_modules\firebase-tools\lib\utils.js:313:49)
    at listOnTimeout (node:internal/timers:605:17)
    at process.processTimers (node:internal/timers:541:7)
[error] 
[error] Error: An unexpected error has occurred.
[debug] [2026-06-27T22:33:09.477Z] ----------------------------------------------------------------------
[debug] [2026-06-27T22:33:09.482Z] Command:       C:\Program Files\nodejs\node.exe C:\Users\mokas\AppData\Roaming\npm\node_modules\firebase-tools\lib\bin\firebase.js deploy --only hosting --debug
[debug] [2026-06-27T22:33:09.482Z] CLI Version:   15.21.0
[debug] [2026-06-27T22:33:09.482Z] Platform:      win32
[debug] [2026-06-27T22:33:09.483Z] Node Version:  v24.15.0
[debug] [2026-06-27T22:33:09.483Z] Detected Agent: antigravity
[debug] [2026-06-27T22:33:09.483Z] Time:          Sun Jun 28 2026 01:33:09 GMT+0300 (توقيت شرق أوروبا الصيفي)
[debug] [2026-06-27T22:33:09.483Z] ----------------------------------------------------------------------
[debug] 
[debug] [2026-06-27T22:33:14.803Z] > command requires scopes: ["email","openid","https://www.googleapis.com/auth/cloudplatformprojects.readonly","https://www.googleapis.com/auth/firebase","https://www.googleapis.com/auth/cloud-platform"]
[debug] [2026-06-27T22:33:14.804Z] > authorizing via signed-in user (mohamed.okash1998@gmail.com)
[debug] [2026-06-27T22:33:14.804Z] [iam] checking project wasla-link for permissions ["firebase.projects.get","firebasehosting.sites.update"]
[debug] [2026-06-27T22:33:14.809Z] Checked if tokens are valid: true, expires at: 1782602202849
[debug] [2026-06-27T22:33:14.810Z] Checked if tokens are valid: true, expires at: 1782602202849
[debug] [2026-06-27T22:33:14.812Z] >>> [apiv2][query] POST https://cloudresourcemanager.googleapis.com/v1/projects/wasla-link:testIamPermissions [none]
[debug] [2026-06-27T22:33:14.813Z] >>> [apiv2][(partial)header] POST https://cloudresourcemanager.googleapis.com/v1/projects/wasla-link:testIamPermissions  x-goog-user-project=wasla-link
[debug] [2026-06-27T22:33:14.814Z] >>> [apiv2][body] POST https://cloudresourcemanager.googleapis.com/v1/projects/wasla-link:testIamPermissions {"permissions":["firebase.projects.get","firebasehosting.sites.update"]}
[debug] [2026-06-27T22:33:15.707Z] <<< [apiv2][status] POST https://cloudresourcemanager.googleapis.com/v1/projects/wasla-link:testIamPermissions 200
[debug] [2026-06-27T22:33:15.708Z] <<< [apiv2][body] POST https://cloudresourcemanager.googleapis.com/v1/projects/wasla-link:testIamPermissions {"permissions":["firebase.projects.get","firebasehosting.sites.update"]}
[debug] [2026-06-27T22:33:15.710Z] Checked if tokens are valid: true, expires at: 1782602202849
[debug] [2026-06-27T22:33:15.710Z] Checked if tokens are valid: true, expires at: 1782602202849
[debug] [2026-06-27T22:33:15.711Z] >>> [apiv2][query] GET https://firebase.googleapis.com/v1beta1/projects/wasla-link [none]
[debug] [2026-06-27T22:33:21.553Z] <<< [apiv2][status] GET https://firebase.googleapis.com/v1beta1/projects/wasla-link 200
[debug] [2026-06-27T22:33:21.554Z] <<< [apiv2][body] GET https://firebase.googleapis.com/v1beta1/projects/wasla-link {"projectId":"wasla-link","projectNumber":"678233300615","displayName":"wasla link","name":"projects/wasla-link","resources":{"hostingSite":"wasla-link"},"state":"ACTIVE","etag":"1_581f5b2f-be21-48df-96bb-643e3e118f31"}
[info] 
[info] === Deploying to 'wasla-link'...
[info] 
[info] i  deploying hosting 
[debug] [2026-06-27T22:33:21.560Z] Checked if tokens are valid: true, expires at: 1782602202849
[debug] [2026-06-27T22:33:21.560Z] Checked if tokens are valid: true, expires at: 1782602202849
[debug] [2026-06-27T22:33:21.560Z] >>> [apiv2][query] GET https://firebasehosting.googleapis.com/v1beta1/projects/wasla-link/sites/wasla-link [none]
[debug] [2026-06-27T22:33:25.650Z] <<< [apiv2][status] GET https://firebasehosting.googleapis.com/v1beta1/projects/wasla-link/sites/wasla-link 200
[debug] [2026-06-27T22:33:25.651Z] <<< [apiv2][body] GET https://firebasehosting.googleapis.com/v1beta1/projects/wasla-link/sites/wasla-link {"name":"projects/wasla-link/sites/wasla-link","defaultUrl":"https://wasla-link.web.app","appId":"1:678233300615:web:f956c78436006f19e6e222","type":"DEFAULT_SITE"}
[debug] [2026-06-27T22:33:25.663Z] Checked if tokens are valid: true, expires at: 1782602202849
[debug] [2026-06-27T22:33:25.663Z] Checked if tokens are valid: true, expires at: 1782602202849
[debug] [2026-06-27T22:33:25.663Z] >>> [apiv2][query] POST https://firebasehosting.googleapis.com/v1beta1/projects/-/sites/wasla-link/versions [none]
[debug] [2026-06-27T22:33:25.664Z] >>> [apiv2][body] POST https://firebasehosting.googleapis.com/v1beta1/projects/-/sites/wasla-link/versions {"status":"CREATED","labels":{"deployment-tool":"cli-firebase"}}
[debug] [2026-06-27T22:33:27.934Z] <<< [apiv2][status] POST https://firebasehosting.googleapis.com/v1beta1/projects/-/sites/wasla-link/versions 200
[debug] [2026-06-27T22:33:27.934Z] <<< [apiv2][body] POST https://firebasehosting.googleapis.com/v1beta1/projects/-/sites/wasla-link/versions {"name":"projects/678233300615/sites/wasla-link/versions/0af6a51381c04fa1","status":"CREATED","config":{},"labels":{"deployment-tool":"cli-firebase"}}
[info] i  hosting[wasla-link]: beginning deploy... 
[info] i  hosting[wasla-link]: found 25 files in dist 
[debug] [2026-06-27T22:33:27.987Z] [hosting] uploading with 200 concurrency
[debug] [2026-06-27T22:33:28.110Z] Checked if tokens are valid: true, expires at: 1782602202849
[debug] [2026-06-27T22:33:28.111Z] Checked if tokens are valid: true, expires at: 1782602202849
[debug] [2026-06-27T22:33:28.112Z] [hosting] hash cache [ZGlzdA] stored for 25 files
[debug] [2026-06-27T22:33:28.113Z] [hosting][hash queue][FINAL] {"max":101,"min":19,"avg":40.64000000000001,"active":0,"complete":25,"success":25,"errored":0,"retried":0,"total":25,"elapsed":121}
[debug] [2026-06-27T22:33:28.114Z] >>> [apiv2][query] POST https://firebasehosting.googleapis.com/v1beta1/projects/678233300615/sites/wasla-link/versions/0af6a51381c04fa1:populateFiles [none]
[debug] [2026-06-27T22:33:28.114Z] >>> [apiv2][body] POST https://firebasehosting.googleapis.com/v1beta1/projects/678233300615/sites/wasla-link/versions/0af6a51381c04fa1:populateFiles {"files":{"/manifest.json":"52b4885d9d7493e639b54c992353bbfa037ee444016e9f50134211555bc56a7f","/logo.jpg":"2df05b88138445188b3963b0699b5a8c7037c37290ece197e5553943a386825b\r","/firebase-messaging-sw.js":"34317f5d28ef812843f84e16d6ad6ab7d8be98f3ecd433c6fa1e7d0712191f08\r","/index.html":"3fc626ff9b1f38fb9b3cfc4560c67b7a2e799ae604e909ab1df55ddc889a4794","/assets/wallet-Br5uHJlL.js":"a548cf6fb79102096523a9aa68fff7893c40b08703cc2bd53ee76b47adcb59ed","/assets/useReviews-DHl13XUe.js":"e4cf760b4735714c403c629cee399c9d650a9a57d927e62df047969d41d630e5","/assets/TrackingScreen-DGRRmc4P.js":"ee7ff043cbdd5ae1100992e574d8737fd66142fb17805b4f8a6e9474fefbba89","/assets/payment.service-CbgkDb3u.js":"e366f1350af5125f64c6661fd40d25ae83397d6686fca679758cf95ee25a448d","/assets/openSourceMaps.service-BgSguRpq.js":"716d2c4fe4ef0a744eaf1d0373ebbaa0986a294f0f2f281b2096ebb3876183ac","/assets/useProducts-C8kO9-9R.js":"850157c02dfc3e229b1108de3c8c22914f48c4fe1d2453e662c917f1a7e7ca48","/assets/media.service-C4hC9EA2.js":"085168ea762ebf1134a88e5c80a092643980327651aa70e51d8339d577b5bbf8","/assets/LocationPicker-CuK7JkRz.js":"899d5c1048b66c19cd8f10d1a66f20f1866a1d60431c7e67a00b4b6572734d32","/assets/purify.es-Csrj9YNg.js":"5e5e804076e357b84c80df8cb50994624c16be3f2bbafb295d3d4d19317cd4ab","/assets/leaflet-Dgihpmma.css":"d204483765ff16762ee037e17f398e3947699a416e5d3044c4c224408c16f692","/assets/bar-chart-3-Ilq7zRQ7.js":"215e59e606ee51d853ea383e1bd6587368aa00b86ad5a870f9b87898f2f5ccc6","/assets/calendar-D8JzBW47.js":"6e7eeeae074d637ea058f91431ce005c6c38248109e9616dc33817fbb9aec241","/assets/DriverRoutes-hD7KVt9o.js":"83fd6e4a572b1a750d3c15c5392b8d113e4f62f36982193107ef348ba78d1432","/assets/index-oW93IPMl.css":"4eb1dfd9ea72ceba32c152e5157aaebb109f2fb8a29c8919ff2ea7b983572f53","/assets/AdminRoutes-B5OjqMqX.js":"92540621ed711b5572d2aa2f1297c8cab4d8d9ca4badaab79943adb96d62b299","/assets/leaflet-DPuPMZm-.js":"864e83cb3d6e21a734f3fcba5c6e4b93d728fd34159afb14a77d882ac622b437","/assets/CustomerRoutes-BWAaHNfv.js":"4efd8e29f2f24bac73116da142c28db7757fca4b5b71b42e810928b9f4abfb7c","/assets/index.es-D4Fmm0dU.js":"b3269d532f2d523559e202f4895019476be2b566e1ec8b6e43fc869b04633b80","/assets/PremiumStatCard-V_9cQxb8.js":"d94f7856645bdb7d5c706fb9421e0a1272cfd1a64dd277ea8b3b9d3f86c4a5fd","/assets/VendorRoutes-CB_PEsI4.js":"30ed2752b00609dc896afdfc12a0df42170424b64f2c6ac9f0c470049b195862","/assets/index-D0DDOI3W.js":"a6e159493f85fcc32d7deb3271e180ba50e3c478b4ee7a4676cc9c1d0684bbcd"}}
[info] i  hosting: adding files to version [0/25] (0%) 
[debug] [2026-06-27T22:33:30.167Z] <<< [apiv2][status] POST https://firebasehosting.googleapis.com/v1beta1/projects/678233300615/sites/wasla-link/versions/0af6a51381c04fa1:populateFiles 200
[debug] [2026-06-27T22:33:30.168Z] <<< [apiv2][body] POST https://firebasehosting.googleapis.com/v1beta1/projects/678233300615/sites/wasla-link/versions/0af6a51381c04fa1:populateFiles {"uploadRequiredHashes":["e4cf760b4735714c403c629cee399c9d650a9a57d927e62df047969d41d630e5","ee7ff043cbdd5ae1100992e574d8737fd66142fb17805b4f8a6e9474fefbba89","850157c02dfc3e229b1108de3c8c22914f48c4fe1d2453e662c917f1a7e7ca48","085168ea762ebf1134a88e5c80a092643980327651aa70e51d8339d577b5bbf8","3fc626ff9b1f38fb9b3cfc4560c67b7a2e799ae604e909ab1df55ddc889a4794","30ed2752b00609dc896afdfc12a0df42170424b64f2c6ac9f0c470049b195862","b3269d532f2d523559e202f4895019476be2b566e1ec8b6e43fc869b04633b80","864e83cb3d6e21a734f3fcba5c6e4b93d728fd34159afb14a77d882ac622b437","a548cf6fb79102096523a9aa68fff7893c40b08703cc2bd53ee76b47adcb59ed","4eb1dfd9ea72ceba32c152e5157aaebb109f2fb8a29c8919ff2ea7b983572f53","d94f7856645bdb7d5c706fb9421e0a1272cfd1a64dd277ea8b3b9d3f86c4a5fd","e366f1350af5125f64c6661fd40d25ae83397d6686fca679758cf95ee25a448d","83fd6e4a572b1a750d3c15c5392b8d113e4f62f36982193107ef348ba78d1432","6e7eeeae074d637ea058f91431ce005c6c38248109e9616dc33817fbb9aec241","92540621ed711b5572d2aa2f1297c8cab4d8d9ca4badaab79943adb96d62b299","4efd8e29f2f24bac73116da142c28db7757fca4b5b71b42e810928b9f4abfb7c","a6e159493f85fcc32d7deb3271e180ba50e3c478b4ee7a4676cc9c1d0684bbcd","899d5c1048b66c19cd8f10d1a66f20f1866a1d60431c7e67a00b4b6572734d32","215e59e606ee51d853ea383e1bd6587368aa00b86ad5a870f9b87898f2f5ccc6"],"uploadUrl":"https://upload-firebasehosting.googleapis.com/upload/sites/wasla-link/versions/0af6a51381c04fa1/files"}
[debug] [2026-06-27T22:33:30.172Z] Checked if tokens are valid: true, expires at: 1782602202849
[debug] [2026-06-27T22:33:30.172Z] Checked if tokens are valid: true, expires at: 1782602202849
[debug] [2026-06-27T22:33:30.173Z] Checked if tokens are valid: true, expires at: 1782602202849
[debug] [2026-06-27T22:33:30.173Z] Checked if tokens are valid: true, expires at: 1782602202849
[debug] [2026-06-27T22:33:30.174Z] Checked if tokens are valid: true, expires at: 1782602202849
[debug] [2026-06-27T22:33:30.174Z] Checked if tokens are valid: true, expires at: 1782602202849
[debug] [2026-06-27T22:33:30.176Z] Checked if tokens are valid: true, expires at: 1782602202849
[debug] [2026-06-27T22:33:30.176Z] Checked if tokens are valid: true, expires at: 1782602202849
[debug] [2026-06-27T22:33:30.177Z] Checked if tokens are valid: true, expires at: 1782602202849
[debug] [2026-06-27T22:33:30.177Z] Checked if tokens are valid: true, expires at: 1782602202849
[debug] [2026-06-27T22:33:30.178Z] Checked if tokens are valid: true, expires at: 1782602202849
[debug] [2026-06-27T22:33:30.179Z] Checked if tokens are valid: true, expires at: 1782602202849
[debug] [2026-06-27T22:33:30.180Z] Checked if tokens are valid: true, expires at: 1782602202849
[debug] [2026-06-27T22:33:30.180Z] Checked if tokens are valid: true, expires at: 1782602202849
[debug] [2026-06-27T22:33:30.180Z] Checked if tokens are valid: true, expires at: 1782602202849
[debug] [2026-06-27T22:33:30.180Z] Checked if tokens are valid: true, expires at: 1782602202849
[debug] [2026-06-27T22:33:30.180Z] Checked if tokens are valid: true, expires at: 1782602202849
[debug] [2026-06-27T22:33:30.181Z] Checked if tokens are valid: true, expires at: 1782602202849
[debug] [2026-06-27T22:33:30.181Z] Checked if tokens are valid: true, expires at: 1782602202849
[debug] [2026-06-27T22:33:30.181Z] Checked if tokens are valid: true, expires at: 1782602202849
[debug] [2026-06-27T22:33:30.182Z] Checked if tokens are valid: true, expires at: 1782602202849
[debug] [2026-06-27T22:33:30.182Z] Checked if tokens are valid: true, expires at: 1782602202849
[debug] [2026-06-27T22:33:30.183Z] Checked if tokens are valid: true, expires at: 1782602202849
[debug] [2026-06-27T22:33:30.183Z] Checked if tokens are valid: true, expires at: 1782602202849
[debug] [2026-06-27T22:33:30.184Z] Checked if tokens are valid: true, expires at: 1782602202849
[debug] [2026-06-27T22:33:30.184Z] Checked if tokens are valid: true, expires at: 1782602202849
[debug] [2026-06-27T22:33:30.185Z] Checked if tokens are valid: true, expires at: 1782602202849
[debug] [2026-06-27T22:33:30.185Z] Checked if tokens are valid: true, expires at: 1782602202849
[debug] [2026-06-27T22:33:30.186Z] Checked if tokens are valid: true, expires at: 1782602202849
[debug] [2026-06-27T22:33:30.186Z] Checked if tokens are valid: true, expires at: 1782602202849
[debug] [2026-06-27T22:33:30.186Z] Checked if tokens are valid: true, expires at: 1782602202849
[debug] [2026-06-27T22:33:30.186Z] Checked if tokens are valid: true, expires at: 1782602202849
[debug] [2026-06-27T22:33:30.186Z] Checked if tokens are valid: true, expires at: 1782602202849
[debug] [2026-06-27T22:33:30.186Z] Checked if tokens are valid: true, expires at: 1782602202849
[debug] [2026-06-27T22:33:30.187Z] Checked if tokens are valid: true, expires at: 1782602202849
[debug] [2026-06-27T22:33:30.187Z] Checked if tokens are valid: true, expires at: 1782602202849
[debug] [2026-06-27T22:33:30.189Z] Checked if tokens are valid: true, expires at: 1782602202849
[debug] [2026-06-27T22:33:30.190Z] Checked if tokens are valid: true, expires at: 1782602202849
[debug] [2026-06-27T22:33:30.190Z] >>> [apiv2][query] POST https://upload-firebasehosting.googleapis.com/upload/sites/wasla-link/versions/0af6a51381c04fa1/files/e4cf760b4735714c403c629cee399c9d650a9a57d927e62df047969d41d630e5 [none]
[debug] [2026-06-27T22:33:30.191Z] >>> [apiv2][body] POST https://upload-firebasehosting.googleapis.com/upload/sites/wasla-link/versions/0af6a51381c04fa1/files/e4cf760b4735714c403c629cee399c9d650a9a57d927e62df047969d41d630e5 [stream]
[debug] [2026-06-27T22:33:30.195Z] >>> [apiv2][query] POST https://upload-firebasehosting.googleapis.com/upload/sites/wasla-link/versions/0af6a51381c04fa1/files/ee7ff043cbdd5ae1100992e574d8737fd66142fb17805b4f8a6e9474fefbba89 [none]
[debug] [2026-06-27T22:33:30.195Z] >>> [apiv2][body] POST https://upload-firebasehosting.googleapis.com/upload/sites/wasla-link/versions/0af6a51381c04fa1/files/ee7ff043cbdd5ae1100992e574d8737fd66142fb17805b4f8a6e9474fefbba89 [stream]
[debug] [2026-06-27T22:33:30.198Z] >>> [apiv2][query] POST https://upload-firebasehosting.googleapis.com/upload/sites/wasla-link/versions/0af6a51381c04fa1/files/850157c02dfc3e229b1108de3c8c22914f48c4fe1d2453e662c917f1a7e7ca48 [none]
[debug] [2026-06-27T22:33:30.198Z] >>> [apiv2][body] POST https://upload-firebasehosting.googleapis.com/upload/sites/wasla-link/versions/0af6a51381c04fa1/files/850157c02dfc3e229b1108de3c8c22914f48c4fe1d2453e662c917f1a7e7ca48 [stream]
[debug] [2026-06-27T22:33:30.201Z] >>> [apiv2][query] POST https://upload-firebasehosting.googleapis.com/upload/sites/wasla-link/versions/0af6a51381c04fa1/files/085168ea762ebf1134a88e5c80a092643980327651aa70e51d8339d577b5bbf8 [none]
[debug] [2026-06-27T22:33:30.201Z] >>> [apiv2][body] POST https://upload-firebasehosting.googleapis.com/upload/sites/wasla-link/versions/0af6a51381c04fa1/files/085168ea762ebf1134a88e5c80a092643980327651aa70e51d8339d577b5bbf8 [stream]
[debug] [2026-06-27T22:33:30.205Z] >>> [apiv2][query] POST https://upload-firebasehosting.googleapis.com/upload/sites/wasla-link/versions/0af6a51381c04fa1/files/3fc626ff9b1f38fb9b3cfc4560c67b7a2e799ae604e909ab1df55ddc889a4794 [none]
[debug] [2026-06-27T22:33:30.205Z] >>> [apiv2][body] POST https://upload-firebasehosting.googleapis.com/upload/sites/wasla-link/versions/0af6a51381c04fa1/files/3fc626ff9b1f38fb9b3cfc4560c67b7a2e799ae604e909ab1df55ddc889a4794 [stream]
[debug] [2026-06-27T22:33:30.208Z] >>> [apiv2][query] POST https://upload-firebasehosting.googleapis.com/upload/sites/wasla-link/versions/0af6a51381c04fa1/files/30ed2752b00609dc896afdfc12a0df42170424b64f2c6ac9f0c470049b195862 [none]
[debug] [2026-06-27T22:33:30.208Z] >>> [apiv2][body] POST https://upload-firebasehosting.googleapis.com/upload/sites/wasla-link/versions/0af6a51381c04fa1/files/30ed2752b00609dc896afdfc12a0df42170424b64f2c6ac9f0c470049b195862 [stream]
[debug] [2026-06-27T22:33:30.210Z] >>> [apiv2][query] POST https://upload-firebasehosting.googleapis.com/upload/sites/wasla-link/versions/0af6a51381c04fa1/files/b3269d532f2d523559e202f4895019476be2b566e1ec8b6e43fc869b04633b80 [none]
[debug] [2026-06-27T22:33:30.211Z] >>> [apiv2][body] POST https://upload-firebasehosting.googleapis.com/upload/sites/wasla-link/versions/0af6a51381c04fa1/files/b3269d532f2d523559e202f4895019476be2b566e1ec8b6e43fc869b04633b80 [stream]
[debug] [2026-06-27T22:33:30.213Z] >>> [apiv2][query] POST https://upload-firebasehosting.googleapis.com/upload/sites/wasla-link/versions/0af6a51381c04fa1/files/864e83cb3d6e21a734f3fcba5c6e4b93d728fd34159afb14a77d882ac622b437 [none]
[debug] [2026-06-27T22:33:30.213Z] >>> [apiv2][body] POST https://upload-firebasehosting.googleapis.com/upload/sites/wasla-link/versions/0af6a51381c04fa1/files/864e83cb3d6e21a734f3fcba5c6e4b93d728fd34159afb14a77d882ac622b437 [stream]
[debug] [2026-06-27T22:33:30.215Z] >>> [apiv2][query] POST https://upload-firebasehosting.googleapis.com/upload/sites/wasla-link/versions/0af6a51381c04fa1/files/a548cf6fb79102096523a9aa68fff7893c40b08703cc2bd53ee76b47adcb59ed [none]
[debug] [2026-06-27T22:33:30.215Z] >>> [apiv2][body] POST https://upload-firebasehosting.googleapis.com/upload/sites/wasla-link/versions/0af6a51381c04fa1/files/a548cf6fb79102096523a9aa68fff7893c40b08703cc2bd53ee76b47adcb59ed [stream]
[debug] [2026-06-27T22:33:30.216Z] >>> [apiv2][query] POST https://upload-firebasehosting.googleapis.com/upload/sites/wasla-link/versions/0af6a51381c04fa1/files/4eb1dfd9ea72ceba32c152e5157aaebb109f2fb8a29c8919ff2ea7b983572f53 [none]
[debug] [2026-06-27T22:33:30.217Z] >>> [apiv2][body] POST https://upload-firebasehosting.googleapis.com/upload/sites/wasla-link/versions/0af6a51381c04fa1/files/4eb1dfd9ea72ceba32c152e5157aaebb109f2fb8a29c8919ff2ea7b983572f53 [stream]
[debug] [2026-06-27T22:33:30.219Z] >>> [apiv2][query] POST https://upload-firebasehosting.googleapis.com/upload/sites/wasla-link/versions/0af6a51381c04fa1/files/d94f7856645bdb7d5c706fb9421e0a1272cfd1a64dd277ea8b3b9d3f86c4a5fd [none]
[debug] [2026-06-27T22:33:30.219Z] >>> [apiv2][body] POST https://upload-firebasehosting.googleapis.com/upload/sites/wasla-link/versions/0af6a51381c04fa1/files/d94f7856645bdb7d5c706fb9421e0a1272cfd1a64dd277ea8b3b9d3f86c4a5fd [stream]
[debug] [2026-06-27T22:33:30.222Z] >>> [apiv2][query] POST https://upload-firebasehosting.googleapis.com/upload/sites/wasla-link/versions/0af6a51381c04fa1/files/e366f1350af5125f64c6661fd40d25ae83397d6686fca679758cf95ee25a448d [none]
[debug] [2026-06-27T22:33:30.222Z] >>> [apiv2][body] POST https://upload-firebasehosting.googleapis.com/upload/sites/wasla-link/versions/0af6a51381c04fa1/files/e366f1350af5125f64c6661fd40d25ae83397d6686fca679758cf95ee25a448d [stream]
[debug] [2026-06-27T22:33:30.223Z] >>> [apiv2][query] POST https://upload-firebasehosting.googleapis.com/upload/sites/wasla-link/versions/0af6a51381c04fa1/files/83fd6e4a572b1a750d3c15c5392b8d113e4f62f36982193107ef348ba78d1432 [none]
[debug] [2026-06-27T22:33:30.223Z] >>> [apiv2][body] POST https://upload-firebasehosting.googleapis.com/upload/sites/wasla-link/versions/0af6a51381c04fa1/files/83fd6e4a572b1a750d3c15c5392b8d113e4f62f36982193107ef348ba78d1432 [stream]
[debug] [2026-06-27T22:33:30.225Z] >>> [apiv2][query] POST https://upload-firebasehosting.googleapis.com/upload/sites/wasla-link/versions/0af6a51381c04fa1/files/6e7eeeae074d637ea058f91431ce005c6c38248109e9616dc33817fbb9aec241 [none]
[debug] [2026-06-27T22:33:30.226Z] >>> [apiv2][body] POST https://upload-firebasehosting.googleapis.com/upload/sites/wasla-link/versions/0af6a51381c04fa1/files/6e7eeeae074d637ea058f91431ce005c6c38248109e9616dc33817fbb9aec241 [stream]
[debug] [2026-06-27T22:33:30.227Z] >>> [apiv2][query] POST https://upload-firebasehosting.googleapis.com/upload/sites/wasla-link/versions/0af6a51381c04fa1/files/92540621ed711b5572d2aa2f1297c8cab4d8d9ca4badaab79943adb96d62b299 [none]
[debug] [2026-06-27T22:33:30.227Z] >>> [apiv2][body] POST https://upload-firebasehosting.googleapis.com/upload/sites/wasla-link/versions/0af6a51381c04fa1/files/92540621ed711b5572d2aa2f1297c8cab4d8d9ca4badaab79943adb96d62b299 [stream]
[debug] [2026-06-27T22:33:30.228Z] >>> [apiv2][query] POST https://upload-firebasehosting.googleapis.com/upload/sites/wasla-link/versions/0af6a51381c04fa1/files/4efd8e29f2f24bac73116da142c28db7757fca4b5b71b42e810928b9f4abfb7c [none]
[debug] [2026-06-27T22:33:30.229Z] >>> [apiv2][body] POST https://upload-firebasehosting.googleapis.com/upload/sites/wasla-link/versions/0af6a51381c04fa1/files/4efd8e29f2f24bac73116da142c28db7757fca4b5b71b42e810928b9f4abfb7c [stream]
[debug] [2026-06-27T22:33:30.230Z] >>> [apiv2][query] POST https://upload-firebasehosting.googleapis.com/upload/sites/wasla-link/versions/0af6a51381c04fa1/files/a6e159493f85fcc32d7deb3271e180ba50e3c478b4ee7a4676cc9c1d0684bbcd [none]
[debug] [2026-06-27T22:33:30.230Z] >>> [apiv2][body] POST https://upload-firebasehosting.googleapis.com/upload/sites/wasla-link/versions/0af6a51381c04fa1/files/a6e159493f85fcc32d7deb3271e180ba50e3c478b4ee7a4676cc9c1d0684bbcd [stream]
[debug] [2026-06-27T22:33:30.233Z] >>> [apiv2][query] POST https://upload-firebasehosting.googleapis.com/upload/sites/wasla-link/versions/0af6a51381c04fa1/files/899d5c1048b66c19cd8f10d1a66f20f1866a1d60431c7e67a00b4b6572734d32 [none]
[debug] [2026-06-27T22:33:30.233Z] >>> [apiv2][body] POST https://upload-firebasehosting.googleapis.com/upload/sites/wasla-link/versions/0af6a51381c04fa1/files/899d5c1048b66c19cd8f10d1a66f20f1866a1d60431c7e67a00b4b6572734d32 [stream]
[debug] [2026-06-27T22:33:30.235Z] >>> [apiv2][query] POST https://upload-firebasehosting.googleapis.com/upload/sites/wasla-link/versions/0af6a51381c04fa1/files/215e59e606ee51d853ea383e1bd6587368aa00b86ad5a870f9b87898f2f5ccc6 [none]
[debug] [2026-06-27T22:33:30.236Z] >>> [apiv2][body] POST https://upload-firebasehosting.googleapis.com/upload/sites/wasla-link/versions/0af6a51381c04fa1/files/215e59e606ee51d853ea383e1bd6587368aa00b86ad5a870f9b87898f2f5ccc6 [stream]
[debug] [2026-06-27T22:33:30.238Z] [hosting][populate queue][FINAL] {"max":2080,"min":2080,"avg":2080,"active":0,"complete":1,"success":1,"errored":0,"retried":0,"total":1,"elapsed":2128}
[debug] [2026-06-27T22:33:30.238Z] [hosting] uploads queued: 19
[debug] [2026-06-27T22:33:31.410Z] <<< [apiv2][status] POST https://upload-firebasehosting.googleapis.com/upload/sites/wasla-link/versions/0af6a51381c04fa1/files/e4cf760b4735714c403c629cee399c9d650a9a57d927e62df047969d41d630e5 200
[debug] [2026-06-27T22:33:31.410Z] <<< [apiv2][body] POST https://upload-firebasehosting.googleapis.com/upload/sites/wasla-link/versions/0af6a51381c04fa1/files/e4cf760b4735714c403c629cee399c9d650a9a57d927e62df047969d41d630e5 [stream]
[debug] [2026-06-27T22:33:31.420Z] <<< [apiv2][status] POST https://upload-firebasehosting.googleapis.com/upload/sites/wasla-link/versions/0af6a51381c04fa1/files/ee7ff043cbdd5ae1100992e574d8737fd66142fb17805b4f8a6e9474fefbba89 200
[debug] [2026-06-27T22:33:31.420Z] <<< [apiv2][body] POST https://upload-firebasehosting.googleapis.com/upload/sites/wasla-link/versions/0af6a51381c04fa1/files/ee7ff043cbdd5ae1100992e574d8737fd66142fb17805b4f8a6e9474fefbba89 [stream]
[debug] [2026-06-27T22:33:31.711Z] <<< [apiv2][status] POST https://upload-firebasehosting.googleapis.com/upload/sites/wasla-link/versions/0af6a51381c04fa1/files/850157c02dfc3e229b1108de3c8c22914f48c4fe1d2453e662c917f1a7e7ca48 200
[debug] [2026-06-27T22:33:31.711Z] <<< [apiv2][body] POST https://upload-firebasehosting.googleapis.com/upload/sites/wasla-link/versions/0af6a51381c04fa1/files/850157c02dfc3e229b1108de3c8c22914f48c4fe1d2453e662c917f1a7e7ca48 [stream]
[debug] [2026-06-27T22:33:31.779Z] <<< [apiv2][status] POST https://upload-firebasehosting.googleapis.com/upload/sites/wasla-link/versions/0af6a51381c04fa1/files/4eb1dfd9ea72ceba32c152e5157aaebb109f2fb8a29c8919ff2ea7b983572f53 200
[debug] [2026-06-27T22:33:31.779Z] <<< [apiv2][body] POST https://upload-firebasehosting.googleapis.com/upload/sites/wasla-link/versions/0af6a51381c04fa1/files/4eb1dfd9ea72ceba32c152e5157aaebb109f2fb8a29c8919ff2ea7b983572f53 [stream]
[debug] [2026-06-27T22:33:31.785Z] <<< [apiv2][status] POST https://upload-firebasehosting.googleapis.com/upload/sites/wasla-link/versions/0af6a51381c04fa1/files/83fd6e4a572b1a750d3c15c5392b8d113e4f62f36982193107ef348ba78d1432 200
[debug] [2026-06-27T22:33:31.785Z] <<< [apiv2][body] POST https://upload-firebasehosting.googleapis.com/upload/sites/wasla-link/versions/0af6a51381c04fa1/files/83fd6e4a572b1a750d3c15c5392b8d113e4f62f36982193107ef348ba78d1432 [stream]
[debug] [2026-06-27T22:33:31.823Z] <<< [apiv2][status] POST https://upload-firebasehosting.googleapis.com/upload/sites/wasla-link/versions/0af6a51381c04fa1/files/6e7eeeae074d637ea058f91431ce005c6c38248109e9616dc33817fbb9aec241 200
[debug] [2026-06-27T22:33:31.823Z] <<< [apiv2][body] POST https://upload-firebasehosting.googleapis.com/upload/sites/wasla-link/versions/0af6a51381c04fa1/files/6e7eeeae074d637ea058f91431ce005c6c38248109e9616dc33817fbb9aec241 [stream]
[debug] [2026-06-27T22:33:31.854Z] <<< [apiv2][status] POST https://upload-firebasehosting.googleapis.com/upload/sites/wasla-link/versions/0af6a51381c04fa1/files/085168ea762ebf1134a88e5c80a092643980327651aa70e51d8339d577b5bbf8 200
[debug] [2026-06-27T22:33:31.854Z] <<< [apiv2][body] POST https://upload-firebasehosting.googleapis.com/upload/sites/wasla-link/versions/0af6a51381c04fa1/files/085168ea762ebf1134a88e5c80a092643980327651aa70e51d8339d577b5bbf8 [stream]
[debug] [2026-06-27T22:33:31.898Z] <<< [apiv2][status] POST https://upload-firebasehosting.googleapis.com/upload/sites/wasla-link/versions/0af6a51381c04fa1/files/215e59e606ee51d853ea383e1bd6587368aa00b86ad5a870f9b87898f2f5ccc6 200
[debug] [2026-06-27T22:33:31.898Z] <<< [apiv2][body] POST https://upload-firebasehosting.googleapis.com/upload/sites/wasla-link/versions/0af6a51381c04fa1/files/215e59e606ee51d853ea383e1bd6587368aa00b86ad5a870f9b87898f2f5ccc6 [stream]
[debug] [2026-06-27T22:33:31.936Z] <<< [apiv2][status] POST https://upload-firebasehosting.googleapis.com/upload/sites/wasla-link/versions/0af6a51381c04fa1/files/e366f1350af5125f64c6661fd40d25ae83397d6686fca679758cf95ee25a448d 200
[debug] [2026-06-27T22:33:31.937Z] <<< [apiv2][body] POST https://upload-firebasehosting.googleapis.com/upload/sites/wasla-link/versions/0af6a51381c04fa1/files/e366f1350af5125f64c6661fd40d25ae83397d6686fca679758cf95ee25a448d [stream]
[debug] [2026-06-27T22:33:31.968Z] <<< [apiv2][status] POST https://upload-firebasehosting.googleapis.com/upload/sites/wasla-link/versions/0af6a51381c04fa1/files/3fc626ff9b1f38fb9b3cfc4560c67b7a2e799ae604e909ab1df55ddc889a4794 200
[debug] [2026-06-27T22:33:31.968Z] <<< [apiv2][body] POST https://upload-firebasehosting.googleapis.com/upload/sites/wasla-link/versions/0af6a51381c04fa1/files/3fc626ff9b1f38fb9b3cfc4560c67b7a2e799ae604e909ab1df55ddc889a4794 [stream]
[info] i  hosting: uploading new files [10/19] (52%) 
[debug] [2026-06-27T22:33:32.035Z] <<< [apiv2][status] POST https://upload-firebasehosting.googleapis.com/upload/sites/wasla-link/versions/0af6a51381c04fa1/files/864e83cb3d6e21a734f3fcba5c6e4b93d728fd34159afb14a77d882ac622b437 200
[debug] [2026-06-27T22:33:32.036Z] <<< [apiv2][body] POST https://upload-firebasehosting.googleapis.com/upload/sites/wasla-link/versions/0af6a51381c04fa1/files/864e83cb3d6e21a734f3fcba5c6e4b93d728fd34159afb14a77d882ac622b437 [stream]
[debug] [2026-06-27T22:33:32.144Z] <<< [apiv2][status] POST https://upload-firebasehosting.googleapis.com/upload/sites/wasla-link/versions/0af6a51381c04fa1/files/a548cf6fb79102096523a9aa68fff7893c40b08703cc2bd53ee76b47adcb59ed 200
[debug] [2026-06-27T22:33:32.144Z] <<< [apiv2][body] POST https://upload-firebasehosting.googleapis.com/upload/sites/wasla-link/versions/0af6a51381c04fa1/files/a548cf6fb79102096523a9aa68fff7893c40b08703cc2bd53ee76b47adcb59ed [stream]
[debug] [2026-06-27T22:33:32.169Z] <<< [apiv2][status] POST https://upload-firebasehosting.googleapis.com/upload/sites/wasla-link/versions/0af6a51381c04fa1/files/92540621ed711b5572d2aa2f1297c8cab4d8d9ca4badaab79943adb96d62b299 200
[debug] [2026-06-27T22:33:32.170Z] <<< [apiv2][body] POST https://upload-firebasehosting.googleapis.com/upload/sites/wasla-link/versions/0af6a51381c04fa1/files/92540621ed711b5572d2aa2f1297c8cab4d8d9ca4badaab79943adb96d62b299 [stream]
[debug] [2026-06-27T22:33:32.396Z] <<< [apiv2][status] POST https://upload-firebasehosting.googleapis.com/upload/sites/wasla-link/versions/0af6a51381c04fa1/files/899d5c1048b66c19cd8f10d1a66f20f1866a1d60431c7e67a00b4b6572734d32 200
[debug] [2026-06-27T22:33:32.397Z] <<< [apiv2][body] POST https://upload-firebasehosting.googleapis.com/upload/sites/wasla-link/versions/0af6a51381c04fa1/files/899d5c1048b66c19cd8f10d1a66f20f1866a1d60431c7e67a00b4b6572734d32 [stream]
[debug] [2026-06-27T22:33:32.651Z] <<< [apiv2][status] POST https://upload-firebasehosting.googleapis.com/upload/sites/wasla-link/versions/0af6a51381c04fa1/files/b3269d532f2d523559e202f4895019476be2b566e1ec8b6e43fc869b04633b80 200
[debug] [2026-06-27T22:33:32.651Z] <<< [apiv2][body] POST https://upload-firebasehosting.googleapis.com/upload/sites/wasla-link/versions/0af6a51381c04fa1/files/b3269d532f2d523559e202f4895019476be2b566e1ec8b6e43fc869b04633b80 [stream]
[debug] [2026-06-27T22:33:32.996Z] <<< [apiv2][status] POST https://upload-firebasehosting.googleapis.com/upload/sites/wasla-link/versions/0af6a51381c04fa1/files/4efd8e29f2f24bac73116da142c28db7757fca4b5b71b42e810928b9f4abfb7c 200
[debug] [2026-06-27T22:33:32.996Z] <<< [apiv2][body] POST https://upload-firebasehosting.googleapis.com/upload/sites/wasla-link/versions/0af6a51381c04fa1/files/4efd8e29f2f24bac73116da142c28db7757fca4b5b71b42e810928b9f4abfb7c [stream]
[debug] [2026-06-27T22:33:33.138Z] <<< [apiv2][status] POST https://upload-firebasehosting.googleapis.com/upload/sites/wasla-link/versions/0af6a51381c04fa1/files/30ed2752b00609dc896afdfc12a0df42170424b64f2c6ac9f0c470049b195862 200
[debug] [2026-06-27T22:33:33.138Z] <<< [apiv2][body] POST https://upload-firebasehosting.googleapis.com/upload/sites/wasla-link/versions/0af6a51381c04fa1/files/30ed2752b00609dc896afdfc12a0df42170424b64f2c6ac9f0c470049b195862 [stream]
[debug] [2026-06-27T22:33:33.464Z] <<< [apiv2][status] POST https://upload-firebasehosting.googleapis.com/upload/sites/wasla-link/versions/0af6a51381c04fa1/files/d94f7856645bdb7d5c706fb9421e0a1272cfd1a64dd277ea8b3b9d3f86c4a5fd 200
[debug] [2026-06-27T22:33:33.464Z] <<< [apiv2][body] POST https://upload-firebasehosting.googleapis.com/upload/sites/wasla-link/versions/0af6a51381c04fa1/files/d94f7856645bdb7d5c706fb9421e0a1272cfd1a64dd277ea8b3b9d3f86c4a5fd [stream]
[info] i  hosting: uploading new files [18/19] (94%) 
[debug] [2026-06-27T22:33:34.272Z] <<< [apiv2][status] POST https://upload-firebasehosting.googleapis.com/upload/sites/wasla-link/versions/0af6a51381c04fa1/files/a6e159493f85fcc32d7deb3271e180ba50e3c478b4ee7a4676cc9c1d0684bbcd 200
[debug] [2026-06-27T22:33:34.272Z] <<< [apiv2][body] POST https://upload-firebasehosting.googleapis.com/upload/sites/wasla-link/versions/0af6a51381c04fa1/files/a6e159493f85fcc32d7deb3271e180ba50e3c478b4ee7a4676cc9c1d0684bbcd [stream]
[debug] [2026-06-27T22:33:34.272Z] [hosting][upload queue][FINAL] {"max":4086,"min":1240,"avg":2075.2631578947367,"active":0,"complete":19,"success":19,"errored":0,"retried":0,"total":19,"elapsed":4102}
[info] i  hosting: upload complete 
[info] +  hosting[wasla-link]: file upload complete 
[debug] [2026-06-27T22:33:34.272Z] [hosting] deploy completed after 6332ms
[debug] [2026-06-27T22:33:34.273Z] [
  {
    "config": {
      "public": "dist",
      "ignore": [
        "firebase.json",
        "**/.*",
        "**/node_modules/**"
      ],
      "rewrites": [
        {
          "source": "**",
          "destination": "/index.html"
        }
      ],
      "site": "wasla-link"
    },
    "version": "projects/678233300615/sites/wasla-link/versions/0af6a51381c04fa1"
  }
]
[info] i  hosting[wasla-link]: finalizing version... 
[debug] [2026-06-27T22:33:34.275Z] Checked if tokens are valid: true, expires at: 1782602202849
[debug] [2026-06-27T22:33:34.275Z] Checked if tokens are valid: true, expires at: 1782602202849
[debug] [2026-06-27T22:33:34.275Z] >>> [apiv2][query] PATCH https://firebasehosting.googleapis.com/v1beta1/projects/-/sites/wasla-link/versions/0af6a51381c04fa1 updateMask=status%2Cconfig
[debug] [2026-06-27T22:33:34.275Z] >>> [apiv2][body] PATCH https://firebasehosting.googleapis.com/v1beta1/projects/-/sites/wasla-link/versions/0af6a51381c04fa1 {"status":"FINALIZED","config":{"rewrites":[{"glob":"**","path":"/index.html"}]}}
[debug] [2026-06-27T22:33:36.110Z] <<< [apiv2][status] PATCH https://firebasehosting.googleapis.com/v1beta1/projects/-/sites/wasla-link/versions/0af6a51381c04fa1 200
[debug] [2026-06-27T22:33:36.111Z] <<< [apiv2][body] PATCH https://firebasehosting.googleapis.com/v1beta1/projects/-/sites/wasla-link/versions/0af6a51381c04fa1 {"name":"projects/678233300615/sites/wasla-link/versions/0af6a51381c04fa1","status":"FINALIZED","config":{"rewrites":[{"glob":"**","path":"/index.html"}]},"labels":{"deployment-tool":"cli-firebase"},"createTime":"2026-06-27T22:33:21.718502Z","createUser":{"email":"mohamed.okash1998@gmail.com"},"finalizeTime":"2026-06-27T22:33:31.288540Z","finalizeUser":{"email":"mohamed.okash1998@gmail.com"}}
[debug] [2026-06-27T22:33:36.111Z] [hosting] finalized version for wasla-link:[object Object]
[info] +  hosting[wasla-link]: version finalized 
[info] i  hosting[wasla-link]: releasing new version... 
[debug] [2026-06-27T22:33:36.113Z] Checked if tokens are valid: true, expires at: 1782602202849
[debug] [2026-06-27T22:33:36.114Z] Checked if tokens are valid: true, expires at: 1782602202849
[debug] [2026-06-27T22:33:36.115Z] >>> [apiv2][query] POST https://firebasehosting.googleapis.com/v1beta1/projects/-/sites/wasla-link/channels/live/releases versionName=projects%2F678233300615%2Fsites%2Fwasla-link%2Fversions%2F0af6a51381c04fa1
[debug] [2026-06-27T22:33:36.115Z] >>> [apiv2][body] POST https://firebasehosting.googleapis.com/v1beta1/projects/-/sites/wasla-link/channels/live/releases {}
[debug] [2026-06-27T22:33:37.815Z] <<< [apiv2][status] POST https://firebasehosting.googleapis.com/v1beta1/projects/-/sites/wasla-link/channels/live/releases 200
[debug] [2026-06-27T22:33:37.815Z] <<< [apiv2][body] POST https://firebasehosting.googleapis.com/v1beta1/projects/-/sites/wasla-link/channels/live/releases {"name":"projects/678233300615/sites/wasla-link/channels/live/releases/1782599612184000","version":{"name":"projects/678233300615/sites/wasla-link/versions/0af6a51381c04fa1","status":"FINALIZED","config":{"rewrites":[{"glob":"**","path":"/index.html"}]},"labels":{"deployment-tool":"cli-firebase"},"createTime":"2026-06-27T22:33:21.718502Z","createUser":{"email":"mohamed.okash1998@gmail.com","imageUrl":"https://lh3.googleusercontent.com/a/ACg8ocLbDyekrie-noKoRG90olChmonlvCugrKmqqYGGSuneJhOsQccWQg"},"finalizeTime":"2026-06-27T22:33:31.288540Z","finalizeUser":{"email":"mohamed.okash1998@gmail.com","imageUrl":"https://lh3.googleusercontent.com/a/ACg8ocLbDyekrie-noKoRG90olChmonlvCugrKmqqYGGSuneJhOsQccWQg"}},"type":"DEPLOY","releaseTime":"2026-06-27T22:33:32.184Z","releaseUser":{"email":"mohamed.okash1998@gmail.com","imageUrl":"https://lh3.googleusercontent.com/a/ACg8ocLbDyekrie-noKoRG90olChmonlvCugrKmqqYGGSuneJhOsQccWQg"}}
[debug] [2026-06-27T22:33:37.816Z] [hosting] release: {"name":"projects/678233300615/sites/wasla-link/channels/live/releases/1782599612184000","version":{"name":"projects/678233300615/sites/wasla-link/versions/0af6a51381c04fa1","status":"FINALIZED","config":{"rewrites":[{"glob":"**","path":"/index.html"}]},"labels":{"deployment-tool":"cli-firebase"},"createTime":"2026-06-27T22:33:21.718502Z","createUser":{"email":"mohamed.okash1998@gmail.com","imageUrl":"https://lh3.googleusercontent.com/a/ACg8ocLbDyekrie-noKoRG90olChmonlvCugrKmqqYGGSuneJhOsQccWQg"},"finalizeTime":"2026-06-27T22:33:31.288540Z","finalizeUser":{"email":"mohamed.okash1998@gmail.com","imageUrl":"https://lh3.googleusercontent.com/a/ACg8ocLbDyekrie-noKoRG90olChmonlvCugrKmqqYGGSuneJhOsQccWQg"}},"type":"DEPLOY","releaseTime":"2026-06-27T22:33:32.184Z","releaseUser":{"email":"mohamed.okash1998@gmail.com","imageUrl":"https://lh3.googleusercontent.com/a/ACg8ocLbDyekrie-noKoRG90olChmonlvCugrKmqqYGGSuneJhOsQccWQg"}}
[info] +  hosting[wasla-link]: release complete 
[info] 
[info] +  Deploy complete! 
[info] 
[info] Project Console: https://console.firebase.google.com/project/wasla-link/overview
[info] Hosting URL: https://wasla-link.web.app
